2017-07-12 17:30:30,434 - DEBUG - ['Hour_End', 'COAST', 'EAST', 'FAR_WEST', 'NORTH', 'NORTH_C', 'SOUTHERN', 'SOUTH_C', 'WEST', 'ERCOT']
2017-07-12 17:30:30,434 - DEBUG - 10
2017-07-12 17:30:30,439 - DEBUG - COAST
2017-07-12 17:30:30,439 - DEBUG - (2013, 8, 13, 17, 0, 0)
2017-07-12 17:30:30,439 - DEBUG - 18779.025510000003
2017-07-12 17:30:30,443 - DEBUG - EAST
2017-07-12 17:30:30,443 - DEBUG - (2013, 8, 5, 17, 0, 0)
2017-07-12 17:30:30,443 - DEBUG - 2380.1654089999956
2017-07-12 17:30:30,445 - DEBUG - FAR_WEST
2017-07-12 17:30:30,446 - DEBUG - (2013, 6, 26, 17, 0, 0)
2017-07-12 17:30:30,446 - DEBUG - 2281.2722140000024
2017-07-12 17:30:30,448 - DEBUG - NORTH
2017-07-12 17:30:30,448 - DEBUG - (2013, 8, 7, 17, 0, 0)
2017-07-12 17:30:30,448 - DEBUG - 1544.7707140000005
2017-07-12 17:30:30,451 - DEBUG - NORTH_C
2017-07-12 17:30:30,451 - DEBUG - (2013, 8, 7, 18, 0, 0)
2017-07-12 17:30:30,451 - DEBUG - 24415.570226999993
2017-07-12 17:30:30,453 - DEBUG - SOUTHERN
2017-07-12 17:30:30,453 - DEBUG - (2013, 8, 8, 16, 0, 0)
2017-07-12 17:30:30,453 - DEBUG - 5494.157645
2017-07-12 17:30:30,455 - DEBUG - SOUTH_C
2017-07-12 17:30:30,455 - DEBUG - (2013, 8, 8, 18, 0, 0)
2017-07-12 17:30:30,455 - DEBUG - 11433.30491600001
2017-07-12 17:30:30,457 - DEBUG - WEST
2017-07-12 17:30:30,458 - DEBUG - (2013, 8, 7, 17, 0, 0)
2017-07-12 17:30:30,458 - DEBUG - 1862.6137649999998
2017-07-12 17:30:30,460 - DEBUG - ERCOT
2017-07-12 17:30:30,460 - DEBUG - (2013, 8, 7, 17, 0, 0)
2017-07-12 17:30:30,460 - DEBUG - 67595.81819800012
2017-07-12 17:30:30,460 - DEBUG - [['COAST', (2013, 8, 13, 17, 0, 0), 18779.025510000003], ['EAST', (2013, 8, 5, 17, 0, 0), 2380.1654089999956], ['FAR_WEST', (2013, 6, 26, 17, 0, 0), 2281.2722140000024], ['NORTH', (2013, 8, 7, 17, 0, 0), 1544.7707140000005], ['NORTH_C', (2013, 8, 7, 18, 0, 0), 24415.570226999993], ['SOUTHERN', (2013, 8, 8, 16, 0, 0), 5494.157645], ['SOUTH_C', (2013, 8, 8, 18, 0, 0), 11433.30491600001], ['WEST', (2013, 8, 7, 17, 0, 0), 1862.6137649999998], ['ERCOT', (2013, 8, 7, 17, 0, 0), 67595.81819800012]]
2017-07-13 11:00:30,548 - DEBUG - ['Hour_End', 'COAST', 'EAST', 'FAR_WEST', 'NORTH', 'NORTH_C', 'SOUTHERN', 'SOUTH_C', 'WEST', 'ERCOT']
2017-07-13 11:00:30,552 - DEBUG - 10
2017-07-13 11:00:30,556 - DEBUG - COAST
2017-07-13 11:00:30,556 - DEBUG - (2013, 8, 13, 17, 0, 0)
2017-07-13 11:00:30,556 - DEBUG - 18779.025510000003
2017-07-13 11:00:30,558 - DEBUG - EAST
2017-07-13 11:00:30,558 - DEBUG - (2013, 8, 5, 17, 0, 0)
2017-07-13 11:00:30,558 - DEBUG - 2380.1654089999956
2017-07-13 11:00:30,560 - DEBUG - FAR_WEST
2017-07-13 11:00:30,560 - DEBUG - (2013, 6, 26, 17, 0, 0)
2017-07-13 11:00:30,560 - DEBUG - 2281.2722140000024
2017-07-13 11:00:30,563 - DEBUG - NORTH
2017-07-13 11:00:30,563 - DEBUG - (2013, 8, 7, 17, 0, 0)
2017-07-13 11:00:30,563 - DEBUG - 1544.7707140000005
2017-07-13 11:00:30,566 - DEBUG - NORTH_C
2017-07-13 11:00:30,566 - DEBUG - (2013, 8, 7, 18, 0, 0)
2017-07-13 11:00:30,566 - DEBUG - 24415.570226999993
2017-07-13 11:00:30,568 - DEBUG - SOUTHERN
2017-07-13 11:00:30,568 - DEBUG - (2013, 8, 8, 16, 0, 0)
2017-07-13 11:00:30,568 - DEBUG - 5494.157645
2017-07-13 11:00:30,570 - DEBUG - SOUTH_C
2017-07-13 11:00:30,571 - DEBUG - (2013, 8, 8, 18, 0, 0)
2017-07-13 11:00:30,571 - DEBUG - 11433.30491600001
2017-07-13 11:00:30,573 - DEBUG - WEST
2017-07-13 11:00:30,573 - DEBUG - (2013, 8, 7, 17, 0, 0)
2017-07-13 11:00:30,573 - DEBUG - 1862.6137649999998
2017-07-13 11:00:30,575 - DEBUG - ERCOT
2017-07-13 11:00:30,575 - DEBUG - (2013, 8, 7, 17, 0, 0)
2017-07-13 11:00:30,575 - DEBUG - 67595.81819800012
2017-07-13 11:00:30,575 - DEBUG - [['COAST', (2013, 8, 13, 17, 0, 0), 18779.025510000003], ['EAST', (2013, 8, 5, 17, 0, 0), 2380.1654089999956], ['FAR_WEST', (2013, 6, 26, 17, 0, 0), 2281.2722140000024], ['NORTH', (2013, 8, 7, 17, 0, 0), 1544.7707140000005], ['NORTH_C', (2013, 8, 7, 18, 0, 0), 24415.570226999993], ['SOUTHERN', (2013, 8, 8, 16, 0, 0), 5494.157645], ['SOUTH_C', (2013, 8, 8, 18, 0, 0), 11433.30491600001], ['WEST', (2013, 8, 7, 17, 0, 0), 1862.6137649999998], ['ERCOT', (2013, 8, 7, 17, 0, 0), 67595.81819800012]]
2017-07-13 11:02:41,982 - DEBUG - ['Hour_End', 'COAST', 'EAST', 'FAR_WEST', 'NORTH', 'NORTH_C', 'SOUTHERN', 'SOUTH_C', 'WEST', 'ERCOT']
2017-07-13 11:02:41,982 - DEBUG - 10
2017-07-13 11:02:41,984 - DEBUG - COAST
2017-07-13 11:02:41,984 - DEBUG - (2013, 8, 13, 17, 0, 0)
2017-07-13 11:02:41,984 - DEBUG - 18779.025510000003
2017-07-13 11:02:41,986 - DEBUG - EAST
2017-07-13 11:02:41,987 - DEBUG - (2013, 8, 5, 17, 0, 0)
2017-07-13 11:02:41,987 - DEBUG - 2380.1654089999956
2017-07-13 11:02:41,988 - DEBUG - FAR_WEST
2017-07-13 11:02:41,988 - DEBUG - (2013, 6, 26, 17, 0, 0)
2017-07-13 11:02:41,989 - DEBUG - 2281.2722140000024
2017-07-13 11:02:41,991 - DEBUG - NORTH
2017-07-13 11:02:41,991 - DEBUG - (2013, 8, 7, 17, 0, 0)
2017-07-13 11:02:41,991 - DEBUG - 1544.7707140000005
2017-07-13 11:02:41,993 - DEBUG - NORTH_C
2017-07-13 11:02:41,993 - DEBUG - (2013, 8, 7, 18, 0, 0)
2017-07-13 11:02:41,993 - DEBUG - 24415.570226999993
2017-07-13 11:02:41,995 - DEBUG - SOUTHERN
2017-07-13 11:02:41,995 - DEBUG - (2013, 8, 8, 16, 0, 0)
2017-07-13 11:02:41,995 - DEBUG - 5494.157645
2017-07-13 11:02:41,997 - DEBUG - SOUTH_C
2017-07-13 11:02:41,997 - DEBUG - (2013, 8, 8, 18, 0, 0)
2017-07-13 11:02:41,997 - DEBUG - 11433.30491600001
2017-07-13 11:02:41,999 - DEBUG - WEST
2017-07-13 11:02:42,000 - DEBUG - (2013, 8, 7, 17, 0, 0)
2017-07-13 11:02:42,000 - DEBUG - 1862.6137649999998
2017-07-13 11:02:42,002 - DEBUG - ERCOT
2017-07-13 11:02:42,002 - DEBUG - (2013, 8, 7, 17, 0, 0)
2017-07-13 11:02:42,002 - DEBUG - 67595.81819800012
2017-07-13 11:02:42,002 - DEBUG - [['COAST', (2013, 8, 13, 17, 0, 0), 18779.025510000003], ['EAST', (2013, 8, 5, 17, 0, 0), 2380.1654089999956], ['FAR_WEST', (2013, 6, 26, 17, 0, 0), 2281.2722140000024], ['NORTH', (2013, 8, 7, 17, 0, 0), 1544.7707140000005], ['NORTH_C', (2013, 8, 7, 18, 0, 0), 24415.570226999993], ['SOUTHERN', (2013, 8, 8, 16, 0, 0), 5494.157645], ['SOUTH_C', (2013, 8, 8, 18, 0, 0), 11433.30491600001], ['WEST', (2013, 8, 7, 17, 0, 0), 1862.6137649999998], ['ERCOT', (2013, 8, 7, 17, 0, 0), 67595.81819800012]]
2017-07-13 11:08:11,218 - DEBUG - ['Hour_End', 'COAST', 'EAST', 'FAR_WEST', 'NORTH', 'NORTH_C', 'SOUTHERN', 'SOUTH_C', 'WEST', 'ERCOT']
2017-07-13 11:08:11,219 - DEBUG - 10
2017-07-13 11:08:11,221 - DEBUG - COAST
2017-07-13 11:08:11,221 - DEBUG - (2013, 8, 13, 17, 0, 0)
2017-07-13 11:08:11,221 - DEBUG - 18779.025510000003
2017-07-13 11:08:11,223 - DEBUG - EAST
2017-07-13 11:08:11,224 - DEBUG - (2013, 8, 5, 17, 0, 0)
2017-07-13 11:08:11,224 - DEBUG - 2380.1654089999956
2017-07-13 11:08:11,225 - DEBUG - FAR_WEST
2017-07-13 11:08:11,226 - DEBUG - (2013, 6, 26, 17, 0, 0)
2017-07-13 11:08:11,226 - DEBUG - 2281.2722140000024
2017-07-13 11:08:11,228 - DEBUG - NORTH
2017-07-13 11:08:11,228 - DEBUG - (2013, 8, 7, 17, 0, 0)
2017-07-13 11:08:11,228 - DEBUG - 1544.7707140000005
2017-07-13 11:08:11,230 - DEBUG - NORTH_C
2017-07-13 11:08:11,230 - DEBUG - (2013, 8, 7, 18, 0, 0)
2017-07-13 11:08:11,230 - DEBUG - 24415.570226999993
2017-07-13 11:08:11,232 - DEBUG - SOUTHERN
2017-07-13 11:08:11,232 - DEBUG - (2013, 8, 8, 16, 0, 0)
2017-07-13 11:08:11,232 - DEBUG - 5494.157645
2017-07-13 11:08:11,234 - DEBUG - SOUTH_C
2017-07-13 11:08:11,234 - DEBUG - (2013, 8, 8, 18, 0, 0)
2017-07-13 11:08:11,234 - DEBUG - 11433.30491600001
2017-07-13 11:08:11,236 - DEBUG - WEST
2017-07-13 11:08:11,236 - DEBUG - (2013, 8, 7, 17, 0, 0)
2017-07-13 11:08:11,236 - DEBUG - 1862.6137649999998
2017-07-13 11:08:11,238 - DEBUG - ERCOT
2017-07-13 11:08:11,238 - DEBUG - (2013, 8, 7, 17, 0, 0)
2017-07-13 11:08:11,238 - DEBUG - 67595.81819800012
2017-07-13 11:08:11,238 - DEBUG - [['COAST', (2013, 8, 13, 17, 0, 0), 18779.025510000003], ['EAST', (2013, 8, 5, 17, 0, 0), 2380.1654089999956], ['FAR_WEST', (2013, 6, 26, 17, 0, 0), 2281.2722140000024], ['NORTH', (2013, 8, 7, 17, 0, 0), 1544.7707140000005], ['NORTH_C', (2013, 8, 7, 18, 0, 0), 24415.570226999993], ['SOUTHERN', (2013, 8, 8, 16, 0, 0), 5494.157645], ['SOUTH_C', (2013, 8, 8, 18, 0, 0), 11433.30491600001], ['WEST', (2013, 8, 7, 17, 0, 0), 1862.6137649999998], ['ERCOT', (2013, 8, 7, 17, 0, 0), 67595.81819800012]]
2017-07-13 11:09:20,227 - DEBUG - ['Hour_End', 'COAST', 'EAST', 'FAR_WEST', 'NORTH', 'NORTH_C', 'SOUTHERN', 'SOUTH_C', 'WEST', 'ERCOT']
2017-07-13 11:09:20,227 - DEBUG - 10
2017-07-13 11:09:20,229 - DEBUG - COAST
2017-07-13 11:09:20,229 - DEBUG - (2013, 8, 13, 17, 0, 0)
2017-07-13 11:09:20,229 - DEBUG - 18779.025510000003
2017-07-13 11:09:20,231 - DEBUG - EAST
2017-07-13 11:09:20,231 - DEBUG - (2013, 8, 5, 17, 0, 0)
2017-07-13 11:09:20,231 - DEBUG - 2380.1654089999956
2017-07-13 11:09:20,233 - DEBUG - FAR_WEST
2017-07-13 11:09:20,233 - DEBUG - (2013, 6, 26, 17, 0, 0)
2017-07-13 11:09:20,233 - DEBUG - 2281.2722140000024
2017-07-13 11:09:20,235 - DEBUG - NORTH
2017-07-13 11:09:20,235 - DEBUG - (2013, 8, 7, 17, 0, 0)
2017-07-13 11:09:20,235 - DEBUG - 1544.7707140000005
2017-07-13 11:09:20,238 - DEBUG - NORTH_C
2017-07-13 11:09:20,238 - DEBUG - (2013, 8, 7, 18, 0, 0)
2017-07-13 11:09:20,238 - DEBUG - 24415.570226999993
2017-07-13 11:09:20,240 - DEBUG - SOUTHERN
2017-07-13 11:09:20,240 - DEBUG - (2013, 8, 8, 16, 0, 0)
2017-07-13 11:09:20,240 - DEBUG - 5494.157645
2017-07-13 11:09:20,242 - DEBUG - SOUTH_C
2017-07-13 11:09:20,242 - DEBUG - (2013, 8, 8, 18, 0, 0)
2017-07-13 11:09:20,242 - DEBUG - 11433.30491600001
2017-07-13 11:09:20,244 - DEBUG - WEST
2017-07-13 11:09:20,244 - DEBUG - (2013, 8, 7, 17, 0, 0)
2017-07-13 11:09:20,244 - DEBUG - 1862.6137649999998
2017-07-13 11:09:20,246 - DEBUG - ERCOT
2017-07-13 11:09:20,246 - DEBUG - (2013, 8, 7, 17, 0, 0)
2017-07-13 11:09:20,247 - DEBUG - 67595.81819800012
2017-07-13 11:09:20,247 - DEBUG - [['COAST', (2013, 8, 13, 17, 0, 0), 18779.025510000003], ['EAST', (2013, 8, 5, 17, 0, 0), 2380.1654089999956], ['FAR_WEST', (2013, 6, 26, 17, 0, 0), 2281.2722140000024], ['NORTH', (2013, 8, 7, 17, 0, 0), 1544.7707140000005], ['NORTH_C', (2013, 8, 7, 18, 0, 0), 24415.570226999993], ['SOUTHERN', (2013, 8, 8, 16, 0, 0), 5494.157645], ['SOUTH_C', (2013, 8, 8, 18, 0, 0), 11433.30491600001], ['WEST', (2013, 8, 7, 17, 0, 0), 1862.6137649999998], ['ERCOT', (2013, 8, 7, 17, 0, 0), 67595.81819800012]]
2017-07-13 11:24:56,817 - DEBUG - ['Hour_End', 'COAST', 'EAST', 'FAR_WEST', 'NORTH', 'NORTH_C', 'SOUTHERN', 'SOUTH_C', 'WEST', 'ERCOT']
2017-07-13 11:24:56,817 - DEBUG - 10
2017-07-13 11:24:56,820 - DEBUG - COAST
2017-07-13 11:24:56,820 - DEBUG - (2013, 8, 13, 17, 0, 0)
2017-07-13 11:24:56,820 - DEBUG - 18779.025510000003
2017-07-13 11:24:56,822 - DEBUG - EAST
2017-07-13 11:24:56,822 - DEBUG - (2013, 8, 5, 17, 0, 0)
2017-07-13 11:24:56,822 - DEBUG - 2380.1654089999956
2017-07-13 11:24:56,824 - DEBUG - FAR_WEST
2017-07-13 11:24:56,824 - DEBUG - (2013, 6, 26, 17, 0, 0)
2017-07-13 11:24:56,824 - DEBUG - 2281.2722140000024
2017-07-13 11:24:56,826 - DEBUG - NORTH
2017-07-13 11:24:56,827 - DEBUG - (2013, 8, 7, 17, 0, 0)
2017-07-13 11:24:56,827 - DEBUG - 1544.7707140000005
2017-07-13 11:24:56,829 - DEBUG - NORTH_C
2017-07-13 11:24:56,829 - DEBUG - (2013, 8, 7, 18, 0, 0)
2017-07-13 11:24:56,829 - DEBUG - 24415.570226999993
2017-07-13 11:24:56,831 - DEBUG - SOUTHERN
2017-07-13 11:24:56,831 - DEBUG - (2013, 8, 8, 16, 0, 0)
2017-07-13 11:24:56,831 - DEBUG - 5494.157645
2017-07-13 11:24:56,833 - DEBUG - SOUTH_C
2017-07-13 11:24:56,833 - DEBUG - (2013, 8, 8, 18, 0, 0)
2017-07-13 11:24:56,834 - DEBUG - 11433.30491600001
2017-07-13 11:24:56,836 - DEBUG - WEST
2017-07-13 11:24:56,836 - DEBUG - (2013, 8, 7, 17, 0, 0)
2017-07-13 11:24:56,836 - DEBUG - 1862.6137649999998
2017-07-13 11:24:56,838 - DEBUG - ERCOT
2017-07-13 11:24:56,838 - DEBUG - (2013, 8, 7, 17, 0, 0)
2017-07-13 11:24:56,838 - DEBUG - 67595.81819800012
2017-07-13 11:24:56,838 - DEBUG - [['COAST', (2013, 8, 13, 17, 0, 0), 18779.025510000003], ['EAST', (2013, 8, 5, 17, 0, 0), 2380.1654089999956], ['FAR_WEST', (2013, 6, 26, 17, 0, 0), 2281.2722140000024], ['NORTH', (2013, 8, 7, 17, 0, 0), 1544.7707140000005], ['NORTH_C', (2013, 8, 7, 18, 0, 0), 24415.570226999993], ['SOUTHERN', (2013, 8, 8, 16, 0, 0), 5494.157645], ['SOUTH_C', (2013, 8, 8, 18, 0, 0), 11433.30491600001], ['WEST', (2013, 8, 7, 17, 0, 0), 1862.6137649999998], ['ERCOT', (2013, 8, 7, 17, 0, 0), 67595.81819800012]]
2017-07-13 11:26:05,376 - DEBUG - ['Hour_End', 'COAST', 'EAST', 'FAR_WEST', 'NORTH', 'NORTH_C', 'SOUTHERN', 'SOUTH_C', 'WEST', 'ERCOT']
2017-07-13 11:26:05,376 - DEBUG - 10
2017-07-13 11:26:05,379 - DEBUG - COAST
2017-07-13 11:26:05,379 - DEBUG - (2013, 8, 13, 17, 0, 0)
2017-07-13 11:26:05,379 - DEBUG - 18779.025510000003
2017-07-13 11:26:05,381 - DEBUG - EAST
2017-07-13 11:26:05,381 - DEBUG - (2013, 8, 5, 17, 0, 0)
2017-07-13 11:26:05,381 - DEBUG - 2380.1654089999956
2017-07-13 11:26:05,383 - DEBUG - FAR_WEST
2017-07-13 11:26:05,383 - DEBUG - (2013, 6, 26, 17, 0, 0)
2017-07-13 11:26:05,383 - DEBUG - 2281.2722140000024
2017-07-13 11:26:05,385 - DEBUG - NORTH
2017-07-13 11:26:05,385 - DEBUG - (2013, 8, 7, 17, 0, 0)
2017-07-13 11:26:05,385 - DEBUG - 1544.7707140000005
2017-07-13 11:26:05,387 - DEBUG - NORTH_C
2017-07-13 11:26:05,387 - DEBUG - (2013, 8, 7, 18, 0, 0)
2017-07-13 11:26:05,387 - DEBUG - 24415.570226999993
2017-07-13 11:26:05,389 - DEBUG - SOUTHERN
2017-07-13 11:26:05,390 - DEBUG - (2013, 8, 8, 16, 0, 0)
2017-07-13 11:26:05,390 - DEBUG - 5494.157645
2017-07-13 11:26:05,392 - DEBUG - SOUTH_C
2017-07-13 11:26:05,392 - DEBUG - (2013, 8, 8, 18, 0, 0)
2017-07-13 11:26:05,392 - DEBUG - 11433.30491600001
2017-07-13 11:26:05,394 - DEBUG - WEST
2017-07-13 11:26:05,394 - DEBUG - (2013, 8, 7, 17, 0, 0)
2017-07-13 11:26:05,394 - DEBUG - 1862.6137649999998
2017-07-13 11:26:05,396 - DEBUG - ERCOT
2017-07-13 11:26:05,396 - DEBUG - (2013, 8, 7, 17, 0, 0)
2017-07-13 11:26:05,396 - DEBUG - 67595.81819800012
2017-07-13 11:26:05,396 - DEBUG - [['COAST', (2013, 8, 13, 17, 0, 0), 18779.025510000003], ['EAST', (2013, 8, 5, 17, 0, 0), 2380.1654089999956], ['FAR_WEST', (2013, 6, 26, 17, 0, 0), 2281.2722140000024], ['NORTH', (2013, 8, 7, 17, 0, 0), 1544.7707140000005], ['NORTH_C', (2013, 8, 7, 18, 0, 0), 24415.570226999993], ['SOUTHERN', (2013, 8, 8, 16, 0, 0), 5494.157645], ['SOUTH_C', (2013, 8, 8, 18, 0, 0), 11433.30491600001], ['WEST', (2013, 8, 7, 17, 0, 0), 1862.6137649999998], ['ERCOT', (2013, 8, 7, 17, 0, 0), 67595.81819800012]]
2017-07-13 11:29:36,528 - DEBUG - ['Hour_End', 'COAST', 'EAST', 'FAR_WEST', 'NORTH', 'NORTH_C', 'SOUTHERN', 'SOUTH_C', 'WEST', 'ERCOT']
2017-07-13 11:29:36,528 - DEBUG - 10
2017-07-13 11:29:36,530 - DEBUG - COAST
2017-07-13 11:29:36,530 - DEBUG - (2013, 8, 13, 17, 0, 0)
2017-07-13 11:29:36,530 - DEBUG - 18779.025510000003
2017-07-13 11:29:36,532 - DEBUG - EAST
2017-07-13 11:29:36,532 - DEBUG - (2013, 8, 5, 17, 0, 0)
2017-07-13 11:29:36,532 - DEBUG - 2380.1654089999956
2017-07-13 11:29:36,534 - DEBUG - FAR_WEST
2017-07-13 11:29:36,534 - DEBUG - (2013, 6, 26, 17, 0, 0)
2017-07-13 11:29:36,534 - DEBUG - 2281.2722140000024
2017-07-13 11:29:36,536 - DEBUG - NORTH
2017-07-13 11:29:36,536 - DEBUG - (2013, 8, 7, 17, 0, 0)
2017-07-13 11:29:36,536 - DEBUG - 1544.7707140000005
2017-07-13 11:29:36,538 - DEBUG - NORTH_C
2017-07-13 11:29:36,538 - DEBUG - (2013, 8, 7, 18, 0, 0)
2017-07-13 11:29:36,538 - DEBUG - 24415.570226999993
2017-07-13 11:29:36,540 - DEBUG - SOUTHERN
2017-07-13 11:29:36,540 - DEBUG - (2013, 8, 8, 16, 0, 0)
2017-07-13 11:29:36,541 - DEBUG - 5494.157645
2017-07-13 11:29:36,543 - DEBUG - SOUTH_C
2017-07-13 11:29:36,543 - DEBUG - (2013, 8, 8, 18, 0, 0)
2017-07-13 11:29:36,543 - DEBUG - 11433.30491600001
2017-07-13 11:29:36,545 - DEBUG - WEST
2017-07-13 11:29:36,545 - DEBUG - (2013, 8, 7, 17, 0, 0)
2017-07-13 11:29:36,545 - DEBUG - 1862.6137649999998
2017-07-13 11:29:36,545 - DEBUG - [['COAST', (2013, 8, 13, 17, 0, 0), 18779.025510000003], ['EAST', (2013, 8, 5, 17, 0, 0), 2380.1654089999956], ['FAR_WEST', (2013, 6, 26, 17, 0, 0), 2281.2722140000024], ['NORTH', (2013, 8, 7, 17, 0, 0), 1544.7707140000005], ['NORTH_C', (2013, 8, 7, 18, 0, 0), 24415.570226999993], ['SOUTHERN', (2013, 8, 8, 16, 0, 0), 5494.157645], ['SOUTH_C', (2013, 8, 8, 18, 0, 0), 11433.30491600001], ['WEST', (2013, 8, 7, 17, 0, 0), 1862.6137649999998]]
